<?xml version="1.0" encoding="UTF-8"?>
<!-- Generated by org.testng.reporters.JUnitReportReporter -->
<testsuite skipped="0" hostname="ASDP1744PO02529" name="Verify_Homepage.VerifyHomePage_Test" tests="10" failures="0" timestamp="22 Aug 2017 13:51:04 GMT" time="51.229" errors="0">
  <testcase name="coach_007_verify_COACH_1941" time="4.740" classname="Verify_Homepage.VerifyHomePage_Test"/>
  <testcase name="coach_001_verify_logo" time="3.389" classname="Verify_Homepage.VerifyHomePage_Test"/>
  <testcase name="coach_002_verify_Account" time="2.827" classname="Verify_Homepage.VerifyHomePage_Test"/>
  <testcase name="coach_010_verify_Sale" time="4.474" classname="Verify_Homepage.VerifyHomePage_Test"/>
  <testcase name="coach_003_verify_wishlist" time="2.870" classname="Verify_Homepage.VerifyHomePage_Test"/>
  <testcase name="coach_008_verify_Personalize" time="6.239" classname="Verify_Homepage.VerifyHomePage_Test"/>
  <testcase name="coach_004_verify_New" time="7.205" classname="Verify_Homepage.VerifyHomePage_Test"/>
  <testcase name="coach_009_verify_Gifts" time="4.908" classname="Verify_Homepage.VerifyHomePage_Test"/>
  <testcase name="coach_005_verify_Women" time="4.243" classname="Verify_Homepage.VerifyHomePage_Test"/>
  <testcase name="coach_006_verify_Men" time="10.334" classname="Verify_Homepage.VerifyHomePage_Test"/>
</testsuite> <!-- Verify_Homepage.VerifyHomePage_Test -->
