<?xml version="1.0" encoding="UTF-8"?>
<!-- Generated by org.testng.reporters.JUnitReportReporter -->
<testsuite skipped="0" hostname="ASDP1744PO02529" name="com.qait.coach.VerifyHomePage_Test" tests="3" failures="0" timestamp="22 Aug 2017 12:47:50 GMT" time="14.692" errors="0">
  <testcase name="coach_001_verify_logo" time="9.025" classname="com.qait.coach.VerifyHomePage_Test"/>
  <testcase name="coach_002_verify_Account" time="3.138" classname="com.qait.coach.VerifyHomePage_Test"/>
  <testcase name="coach_003_verify_wishlist" time="2.529" classname="com.qait.coach.VerifyHomePage_Test"/>
</testsuite> <!-- com.qait.coach.VerifyHomePage_Test -->
