<?xml version="1.0" encoding="UTF-8"?>
<!-- Generated by org.testng.reporters.JUnitReportReporter -->
<testsuite skipped="7" hostname="ASDP1744PO02529" name="Verify_Main_menu_break.Main_Menu_Test" tests="8" failures="0" timestamp="22 Aug 2017 13:11:26 GMT" time="0.007" errors="1">
  <testcase name="verify_COACH_1941" time="0.000" classname="Verify_Main_menu_break.Main_Menu_Test">
    <skipped/>
  </testcase> <!-- verify_COACH_1941 -->
  <testcase name="verify_Sale" time="0.000" classname="Verify_Main_menu_break.Main_Menu_Test">
    <skipped/>
  </testcase> <!-- verify_Sale -->
  <testcase name="verify_Personalize" time="0.000" classname="Verify_Main_menu_break.Main_Menu_Test">
    <skipped/>
  </testcase> <!-- verify_Personalize -->
  <testcase name="verify_Gifts" time="0.000" classname="Verify_Main_menu_break.Main_Menu_Test">
    <skipped/>
  </testcase> <!-- verify_Gifts -->
  <testcase name="verify_Men" time="0.000" classname="Verify_Main_menu_break.Main_Menu_Test">
    <skipped/>
  </testcase> <!-- verify_Men -->
  <testcase name="verify_New" time="0.000" classname="Verify_Main_menu_break.Main_Menu_Test">
    <skipped/>
  </testcase> <!-- verify_New -->
  <testcase name="verify_Women" time="0.000" classname="Verify_Main_menu_break.Main_Menu_Test">
    <skipped/>
  </testcase> <!-- verify_Women -->
  <testcase name="start_browser" time="0.007" classname="Verify_Main_menu_break.Main_Menu_Test">
    <error type="java.lang.NullPointerException">
      <![CDATA[java.lang.NullPointerException
	at Start_Browser.Browser.start_chrome(Browser.java:15)
	at Verify_Main_menu_break.Main_menu.start_chrome(Main_menu.java:21)
	at Verify_Main_menu_break.Main_Menu_Test.start_browser(Main_Menu_Test.java:17)
	at sun.reflect.NativeMethodAccessorImpl.invoke0(Native Method)
	at sun.reflect.NativeMethodAccessorImpl.invoke(NativeMethodAccessorImpl.java:62)
	at sun.reflect.DelegatingMethodAccessorImpl.invoke(DelegatingMethodAccessorImpl.java:43)
	at java.lang.reflect.Method.invoke(Method.java:498)
	at org.testng.internal.MethodInvocationHelper.invokeMethod(MethodInvocationHelper.java:108)
	at org.testng.internal.Invoker.invokeConfigurationMethod(Invoker.java:523)
	at org.testng.internal.Invoker.invokeConfigurations(Invoker.java:224)
	at org.testng.internal.Invoker.invokeConfigurations(Invoker.java:146)
	at org.testng.internal.TestMethodWorker.invokeBeforeClassMethods(TestMethodWorker.java:166)
	at org.testng.internal.TestMethodWorker.run(TestMethodWorker.java:105)
	at org.testng.TestRunner.privateRun(TestRunner.java:744)
	at org.testng.TestRunner.run(TestRunner.java:602)
	at org.testng.SuiteRunner.runTest(SuiteRunner.java:380)
	at org.testng.SuiteRunner.runSequentially(SuiteRunner.java:375)
	at org.testng.SuiteRunner.privateRun(SuiteRunner.java:340)
	at org.testng.SuiteRunner.run(SuiteRunner.java:289)
	at org.testng.SuiteRunnerWorker.runSuite(SuiteRunnerWorker.java:52)
	at org.testng.SuiteRunnerWorker.run(SuiteRunnerWorker.java:86)
	at org.testng.TestNG.runSuitesSequentially(TestNG.java:1301)
	at org.testng.TestNG.runSuitesLocally(TestNG.java:1226)
	at org.testng.TestNG.runSuites(TestNG.java:1144)
	at org.testng.TestNG.run(TestNG.java:1115)
	at org.apache.maven.surefire.testng.TestNGExecutor.run(TestNGExecutor.java:74)
	at org.apache.maven.surefire.testng.TestNGXmlTestSuite.execute(TestNGXmlTestSuite.java:92)
	at org.apache.maven.surefire.Surefire.run(Surefire.java:177)
	at sun.reflect.NativeMethodAccessorImpl.invoke0(Native Method)
	at sun.reflect.NativeMethodAccessorImpl.invoke(NativeMethodAccessorImpl.java:62)
	at sun.reflect.DelegatingMethodAccessorImpl.invoke(DelegatingMethodAccessorImpl.java:43)
	at java.lang.reflect.Method.invoke(Method.java:498)
	at org.apache.maven.surefire.booter.SurefireBooter.runSuitesInProcess(SurefireBooter.java:345)
	at org.apache.maven.surefire.booter.SurefireBooter.main(SurefireBooter.java:1009)
]]>
    </error>
  </testcase> <!-- start_browser -->
</testsuite> <!-- Verify_Main_menu_break.Main_Menu_Test -->
